[12/Mar/2015 13:41:15] DEBUG [django.db.backends:79] (0.000) SELECT `django_session`.`session_key`, `django_session`.`session_data`, `django_session`.`expire_date` FROM `django_session` WHERE (`django_session`.`session_key` = 'c8nefzhyo802oh6udue43lmrrhorkf1n'  AND `django_session`.`expire_date` > '2015-03-12 13:41:15' ); args=('c8nefzhyo802oh6udue43lmrrhorkf1n', u'2015-03-12 13:41:15')
[12/Mar/2015 13:41:15] DEBUG [django.db.backends:79] (0.000) SELECT `auth_user`.`id`, `auth_user`.`password`, `auth_user`.`last_login`, `auth_user`.`is_superuser`, `auth_user`.`username`, `auth_user`.`first_name`, `auth_user`.`last_name`, `auth_user`.`email`, `auth_user`.`is_staff`, `auth_user`.`is_active`, `auth_user`.`date_joined` FROM `auth_user` WHERE `auth_user`.`id` = 1 ; args=(1,)
[12/Mar/2015 13:41:15] DEBUG [django.db.backends:79] (0.000) SELECT `django_session`.`session_key`, `django_session`.`session_data`, `django_session`.`expire_date` FROM `django_session` WHERE (`django_session`.`session_key` = 'c8nefzhyo802oh6udue43lmrrhorkf1n'  AND `django_session`.`expire_date` > '2015-03-12 13:41:15' ); args=('c8nefzhyo802oh6udue43lmrrhorkf1n', u'2015-03-12 13:41:15')
[12/Mar/2015 13:41:15] DEBUG [django.db.backends:79] (0.000) SELECT `auth_user`.`id`, `auth_user`.`password`, `auth_user`.`last_login`, `auth_user`.`is_superuser`, `auth_user`.`username`, `auth_user`.`first_name`, `auth_user`.`last_name`, `auth_user`.`email`, `auth_user`.`is_staff`, `auth_user`.`is_active`, `auth_user`.`date_joined` FROM `auth_user` WHERE `auth_user`.`id` = 1 ; args=(1,)
[12/Mar/2015 13:41:15] WARNING [django.request:145] Not Found: /index/css/bootstrap.min.css
[12/Mar/2015 13:41:15] WARNING [django.request:145] Not Found: /index/js/jquery-2.0.3.min.js
[12/Mar/2015 13:41:15] WARNING [django.request:145] Not Found: /index/js/bootstrap.min.js
[12/Mar/2015 13:41:16] DEBUG [django.db.backends:79] (0.001) SELECT `django_session`.`session_key`, `django_session`.`session_data`, `django_session`.`expire_date` FROM `django_session` WHERE (`django_session`.`session_key` = 'c8nefzhyo802oh6udue43lmrrhorkf1n'  AND `django_session`.`expire_date` > '2015-03-12 13:41:16' ); args=('c8nefzhyo802oh6udue43lmrrhorkf1n', u'2015-03-12 13:41:16')
[12/Mar/2015 13:41:16] DEBUG [django.db.backends:79] (0.000) SELECT `django_session`.`session_key`, `django_session`.`session_data`, `django_session`.`expire_date` FROM `django_session` WHERE (`django_session`.`session_key` = 'c8nefzhyo802oh6udue43lmrrhorkf1n'  AND `django_session`.`expire_date` > '2015-03-12 13:41:16' ); args=('c8nefzhyo802oh6udue43lmrrhorkf1n', u'2015-03-12 13:41:16')
[12/Mar/2015 13:41:16] DEBUG [django.db.backends:79] (0.000) SELECT `django_session`.`session_key`, `django_session`.`session_data`, `django_session`.`expire_date` FROM `django_session` WHERE (`django_session`.`session_key` = 'c8nefzhyo802oh6udue43lmrrhorkf1n'  AND `django_session`.`expire_date` > '2015-03-12 13:41:16' ); args=('c8nefzhyo802oh6udue43lmrrhorkf1n', u'2015-03-12 13:41:16')
[12/Mar/2015 13:41:55] DEBUG [django.db.backends:79] (0.000) SELECT `django_session`.`session_key`, `django_session`.`session_data`, `django_session`.`expire_date` FROM `django_session` WHERE (`django_session`.`session_key` = 'c8nefzhyo802oh6udue43lmrrhorkf1n'  AND `django_session`.`expire_date` > '2015-03-12 13:41:55' ); args=('c8nefzhyo802oh6udue43lmrrhorkf1n', u'2015-03-12 13:41:55')
[12/Mar/2015 13:41:55] DEBUG [django.db.backends:79] (0.000) SELECT `auth_user`.`id`, `auth_user`.`password`, `auth_user`.`last_login`, `auth_user`.`is_superuser`, `auth_user`.`username`, `auth_user`.`first_name`, `auth_user`.`last_name`, `auth_user`.`email`, `auth_user`.`is_staff`, `auth_user`.`is_active`, `auth_user`.`date_joined` FROM `auth_user` WHERE `auth_user`.`id` = 1 ; args=(1,)
[12/Mar/2015 13:41:55] WARNING [django.request:145] Not Found: /index/css/bootstrap.min.css
[12/Mar/2015 13:41:55] WARNING [django.request:145] Not Found: /index/js/jquery-2.0.3.min.js
[12/Mar/2015 13:41:55] WARNING [django.request:145] Not Found: /index/js/bootstrap.min.js
[12/Mar/2015 13:41:55] DEBUG [django.db.backends:79] (0.000) SELECT `django_session`.`session_key`, `django_session`.`session_data`, `django_session`.`expire_date` FROM `django_session` WHERE (`django_session`.`session_key` = 'c8nefzhyo802oh6udue43lmrrhorkf1n'  AND `django_session`.`expire_date` > '2015-03-12 13:41:55' ); args=('c8nefzhyo802oh6udue43lmrrhorkf1n', u'2015-03-12 13:41:55')
[12/Mar/2015 13:41:55] DEBUG [django.db.backends:79] (0.002) SELECT `django_session`.`session_key`, `django_session`.`session_data`, `django_session`.`expire_date` FROM `django_session` WHERE (`django_session`.`session_key` = 'c8nefzhyo802oh6udue43lmrrhorkf1n'  AND `django_session`.`expire_date` > '2015-03-12 13:41:55' ); args=('c8nefzhyo802oh6udue43lmrrhorkf1n', u'2015-03-12 13:41:55')
[12/Mar/2015 13:41:55] DEBUG [django.db.backends:79] (0.000) SELECT `django_session`.`session_key`, `django_session`.`session_data`, `django_session`.`expire_date` FROM `django_session` WHERE (`django_session`.`session_key` = 'c8nefzhyo802oh6udue43lmrrhorkf1n'  AND `django_session`.`expire_date` > '2015-03-12 13:41:55' ); args=('c8nefzhyo802oh6udue43lmrrhorkf1n', u'2015-03-12 13:41:55')
[12/Mar/2015 13:41:58] DEBUG [django.db.backends:79] (0.020) SELECT COUNT(*) FROM `dailyAccess`; args=()
[12/Mar/2015 13:41:58] DEBUG [django.db.backends:79] (0.026) SELECT COUNT(*) FROM `dailyAccess` WHERE `dailyAccess`.`access_type` = 2 ; args=(2,)
[12/Mar/2015 13:41:58] DEBUG [django.db.backends:79] (0.022) SELECT COUNT(*) FROM `dailyAccess` WHERE `dailyAccess`.`access_type` = 1 ; args=(1,)
[12/Mar/2015 13:41:58] DEBUG [django.db.backends:79] (0.021) SELECT COUNT(*) FROM `dailyAccess` WHERE `dailyAccess`.`access_type` = 0 ; args=(0,)
[12/Mar/2015 13:41:58] DEBUG [django.db.backends:79] (0.022) SELECT COUNT(*) FROM `dailyAccess` WHERE `dailyAccess`.`status` = 200 ; args=(200,)
[12/Mar/2015 13:41:58] DEBUG [django.db.backends:79] (0.054) SELECT `dailyAccess`.`id`, `dailyAccess`.`ip`, `dailyAccess`.`method`, `dailyAccess`.`accessTime`, `dailyAccess`.`path`, `dailyAccess`.`status`, `dailyAccess`.`send_byte`, `dailyAccess`.`access_type`, `dailyAccess`.`browse`, `dailyAccess`.`refe`, `dailyAccess`.`access_record`, `dailyAccess`.`appName` FROM `dailyAccess` LIMIT 1 OFFSET 75632; args=()
[12/Mar/2015 13:41:58] DEBUG [django.db.backends:79] (0.000) SELECT `dailyAccess`.`id`, `dailyAccess`.`ip`, `dailyAccess`.`method`, `dailyAccess`.`accessTime`, `dailyAccess`.`path`, `dailyAccess`.`status`, `dailyAccess`.`send_byte`, `dailyAccess`.`access_type`, `dailyAccess`.`browse`, `dailyAccess`.`refe`, `dailyAccess`.`access_record`, `dailyAccess`.`appName` FROM `dailyAccess` LIMIT 1; args=()
[12/Mar/2015 13:41:58] DEBUG [django.db.backends:79] (0.059) SELECT COUNT(DISTINCT `dailyAccess`.`ip`) FROM `dailyAccess`; args=()
[12/Mar/2015 13:42:01] DEBUG [django.db.backends:79] (2.226) SELECT `dailyAccess`.`id`, `dailyAccess`.`ip`, `dailyAccess`.`method`, `dailyAccess`.`accessTime`, `dailyAccess`.`path`, `dailyAccess`.`status`, `dailyAccess`.`send_byte`, `dailyAccess`.`access_type`, `dailyAccess`.`browse`, `dailyAccess`.`refe`, `dailyAccess`.`access_record`, `dailyAccess`.`appName` FROM `dailyAccess`; args=()
[12/Mar/2015 13:42:02] DEBUG [django.db.backends:79] (0.001) SELECT `dailyAccess`.`id`, `dailyAccess`.`ip`, `dailyAccess`.`method`, `dailyAccess`.`accessTime`, `dailyAccess`.`path`, `dailyAccess`.`status`, `dailyAccess`.`send_byte`, `dailyAccess`.`access_type`, `dailyAccess`.`browse`, `dailyAccess`.`refe`, `dailyAccess`.`access_record`, `dailyAccess`.`appName` FROM `dailyAccess` LIMIT 10; args=()
[12/Mar/2015 13:42:02] DEBUG [django.db.backends:79] (0.057) SELECT `dailyAccess`.`appName`, COUNT(`dailyAccess`.`appName`) AS `count` FROM `dailyAccess` GROUP BY `dailyAccess`.`appName` ORDER BY `count` DESC LIMIT 10; args=()
[12/Mar/2015 13:42:03] DEBUG [django.db.backends:79] (0.099) SELECT `dailyAccess`.`ip`, COUNT(`dailyAccess`.`ip`) AS `count` FROM `dailyAccess` GROUP BY `dailyAccess`.`ip` ORDER BY `count` DESC LIMIT 10; args=()
[12/Mar/2015 13:42:03] DEBUG [django.db.backends:79] (0.701) SELECT `dailyAccess`.`path`, COUNT(`dailyAccess`.`path`) AS `count` FROM `dailyAccess` GROUP BY `dailyAccess`.`path` ORDER BY `count` DESC LIMIT 10; args=()
[12/Mar/2015 13:42:03] DEBUG [django.db.backends:79] (0.037) SELECT `dailyAccess`.`access_type`, COUNT(`dailyAccess`.`access_type`) AS `count` FROM `dailyAccess` GROUP BY `dailyAccess`.`access_type` ORDER BY `count` DESC LIMIT 10; args=()
[12/Mar/2015 13:42:04] DEBUG [django.db.backends:79] (0.360) SELECT `dailyAccess`.`refe`, COUNT(`dailyAccess`.`refe`) AS `count` FROM `dailyAccess` GROUP BY `dailyAccess`.`refe` ORDER BY `count` DESC LIMIT 10; args=()
[12/Mar/2015 13:42:04] DEBUG [django.db.backends:79] (0.207) SELECT `dailyAccess`.`browse`, COUNT(`dailyAccess`.`browse`) AS `count` FROM `dailyAccess` GROUP BY `dailyAccess`.`browse` ORDER BY `count` DESC LIMIT 10; args=()
[12/Mar/2015 13:42:04] DEBUG [django.db.backends:79] (0.000) SELECT `django_session`.`session_key`, `django_session`.`session_data`, `django_session`.`expire_date` FROM `django_session` WHERE (`django_session`.`session_key` = 'c8nefzhyo802oh6udue43lmrrhorkf1n'  AND `django_session`.`expire_date` > '2015-03-12 13:42:04' ); args=('c8nefzhyo802oh6udue43lmrrhorkf1n', u'2015-03-12 13:42:04')
[12/Mar/2015 13:43:30] DEBUG [django.db.backends:79] (0.023) SELECT COUNT(*) FROM `dailyAccess`; args=[]
